27-Oct-2020 10:10:55.494 INFO [main] org.apache.catalina.core.ApplicationContext.log Destroying Spring FrameworkServlet 'dispatcher'
27-Oct-2020 10:10:55.498 INFO [main] org.apache.catalina.core.ApplicationContext.log Closing Spring root WebApplicationContext
27-Oct-2020 10:10:55.661 INFO [main] org.apache.catalina.core.ApplicationContext.log SessionListener: contextDestroyed()
27-Oct-2020 10:10:55.661 INFO [main] org.apache.catalina.core.ApplicationContext.log ContextListener: contextDestroyed()
27-Oct-2020 18:14:20.957 INFO [main] org.apache.catalina.core.ApplicationContext.log 2 Spring WebApplicationInitializers detected on classpath
27-Oct-2020 18:14:21.137 INFO [main] org.apache.catalina.core.ApplicationContext.log Initializing Spring root WebApplicationContext
27-Oct-2020 18:14:28.479 INFO [main] org.apache.catalina.core.ApplicationContext.log Initializing Spring DispatcherServlet 'dispatcher'
27-Oct-2020 18:14:34.795 INFO [main] org.apache.catalina.core.ApplicationContext.log 1 Spring WebApplicationInitializers detected on classpath
27-Oct-2020 18:14:34.908 INFO [main] org.apache.catalina.core.ApplicationContext.log Initializing Spring root WebApplicationContext
27-Oct-2020 18:14:44.148 INFO [main] org.apache.catalina.core.ApplicationContext.log Initializing Spring DispatcherServlet 'dispatcher'
27-Oct-2020 18:14:46.001 INFO [main] org.apache.catalina.core.ApplicationContext.log ContextListener: contextInitialized()
27-Oct-2020 18:14:46.001 INFO [main] org.apache.catalina.core.ApplicationContext.log SessionListener: contextInitialized()
27-Oct-2020 18:14:46.004 INFO [main] org.apache.catalina.core.ApplicationContext.log ContextListener: attributeAdded('StockTicker', 'async.Stockticker@df5fe77')
27-Oct-2020 18:15:13.536 SEVERE [http-nio-8080-exec-10] org.apache.catalina.core.StandardWrapperValve.invoke Servlet.service() для сервлета [dispatcher] в контексте с путем [/MoneyWatcher] выбросил исключение [Request processing failed; nested exception is org.thymeleaf.exceptions.TemplateInputException: An error happened during template parsing (template: "/templates/home.html")] с первопричиной
	java.io.FileNotFoundException: ServletContext resource "/templates/home.html" does not exist
		at org.thymeleaf.templateresource.ServletContextTemplateResource.reader(ServletContextTemplateResource.java:95)
		at org.thymeleaf.templateparser.markup.AbstractMarkupTemplateParser.parse(AbstractMarkupTemplateParser.java:223)
		at org.thymeleaf.templateparser.markup.AbstractMarkupTemplateParser.parseStandalone(AbstractMarkupTemplateParser.java:100)
		at org.thymeleaf.engine.TemplateManager.parseAndProcess(TemplateManager.java:666)
		at org.thymeleaf.TemplateEngine.process(TemplateEngine.java:1098)
		at org.thymeleaf.TemplateEngine.process(TemplateEngine.java:1072)
		at org.thymeleaf.spring5.view.ThymeleafView.renderFragment(ThymeleafView.java:362)
		at org.thymeleaf.spring5.view.ThymeleafView.render(ThymeleafView.java:189)
		at org.springframework.web.servlet.DispatcherServlet.render(DispatcherServlet.java:1373)
		at org.springframework.web.servlet.DispatcherServlet.processDispatchResult(DispatcherServlet.java:1118)
		at org.springframework.web.servlet.DispatcherServlet.doDispatch(DispatcherServlet.java:1057)
		at org.springframework.web.servlet.DispatcherServlet.doService(DispatcherServlet.java:943)
		at org.springframework.web.servlet.FrameworkServlet.processRequest(FrameworkServlet.java:1006)
		at org.springframework.web.servlet.FrameworkServlet.doGet(FrameworkServlet.java:898)
		at javax.servlet.http.HttpServlet.service(HttpServlet.java:626)
		at org.springframework.web.servlet.FrameworkServlet.service(FrameworkServlet.java:883)
		at javax.servlet.http.HttpServlet.service(HttpServlet.java:733)
		at org.apache.catalina.core.ApplicationFilterChain.internalDoFilter(ApplicationFilterChain.java:231)
		at org.apache.catalina.core.ApplicationFilterChain.doFilter(ApplicationFilterChain.java:166)
		at org.springframework.web.filter.CharacterEncodingFilter.doFilterInternal(CharacterEncodingFilter.java:201)
		at org.springframework.web.filter.OncePerRequestFilter.doFilter(OncePerRequestFilter.java:119)
		at org.apache.catalina.core.ApplicationFilterChain.internalDoFilter(ApplicationFilterChain.java:193)
		at org.apache.catalina.core.ApplicationFilterChain.doFilter(ApplicationFilterChain.java:166)
		at org.springframework.web.filter.HiddenHttpMethodFilter.doFilterInternal(HiddenHttpMethodFilter.java:94)
		at org.springframework.web.filter.OncePerRequestFilter.doFilter(OncePerRequestFilter.java:119)
		at org.apache.catalina.core.ApplicationFilterChain.internalDoFilter(ApplicationFilterChain.java:193)
		at org.apache.catalina.core.ApplicationFilterChain.doFilter(ApplicationFilterChain.java:166)
		at org.apache.tomcat.websocket.server.WsFilter.doFilter(WsFilter.java:53)
		at org.apache.catalina.core.ApplicationFilterChain.internalDoFilter(ApplicationFilterChain.java:193)
		at org.apache.catalina.core.ApplicationFilterChain.doFilter(ApplicationFilterChain.java:166)
		at org.apache.catalina.core.StandardWrapperValve.invoke(StandardWrapperValve.java:202)
		at org.apache.catalina.core.StandardContextValve.invoke(StandardContextValve.java:97)
		at org.apache.catalina.authenticator.AuthenticatorBase.invoke(AuthenticatorBase.java:542)
		at org.apache.catalina.core.StandardHostValve.invoke(StandardHostValve.java:143)
		at org.apache.catalina.valves.ErrorReportValve.invoke(ErrorReportValve.java:92)
		at org.apache.catalina.valves.AbstractAccessLogValve.invoke(AbstractAccessLogValve.java:690)
		at org.apache.catalina.core.StandardEngineValve.invoke(StandardEngineValve.java:78)
		at org.apache.catalina.connector.CoyoteAdapter.service(CoyoteAdapter.java:343)
		at org.apache.coyote.http11.Http11Processor.service(Http11Processor.java:374)
		at org.apache.coyote.AbstractProcessorLight.process(AbstractProcessorLight.java:65)
		at org.apache.coyote.AbstractProtocol$ConnectionHandler.process(AbstractProtocol.java:868)
		at org.apache.tomcat.util.net.NioEndpoint$SocketProcessor.doRun(NioEndpoint.java:1590)
		at org.apache.tomcat.util.net.SocketProcessorBase.run(SocketProcessorBase.java:49)
		at java.base/java.util.concurrent.ThreadPoolExecutor.runWorker(ThreadPoolExecutor.java:1128)
		at java.base/java.util.concurrent.ThreadPoolExecutor$Worker.run(ThreadPoolExecutor.java:628)
		at org.apache.tomcat.util.threads.TaskThread$WrappingRunnable.run(TaskThread.java:61)
		at java.base/java.lang.Thread.run(Thread.java:834)
27-Oct-2020 18:30:27.301 INFO [Catalina-utility-2] org.apache.catalina.core.ApplicationContext.log Destroying Spring FrameworkServlet 'dispatcher'
27-Oct-2020 18:30:27.325 INFO [Catalina-utility-2] org.apache.catalina.core.ApplicationContext.log Closing Spring root WebApplicationContext
27-Oct-2020 18:30:31.319 INFO [Catalina-utility-2] org.apache.catalina.core.ApplicationContext.log 2 Spring WebApplicationInitializers detected on classpath
27-Oct-2020 18:30:31.473 INFO [Catalina-utility-2] org.apache.catalina.core.ApplicationContext.log Initializing Spring root WebApplicationContext
27-Oct-2020 18:30:35.110 INFO [main] org.apache.catalina.core.ApplicationContext.log Destroying Spring FrameworkServlet 'dispatcher'
27-Oct-2020 18:30:35.114 INFO [main] org.apache.catalina.core.ApplicationContext.log Closing Spring root WebApplicationContext
27-Oct-2020 18:30:35.271 INFO [main] org.apache.catalina.core.ApplicationContext.log SessionListener: contextDestroyed()
27-Oct-2020 18:30:35.271 INFO [main] org.apache.catalina.core.ApplicationContext.log ContextListener: contextDestroyed()
27-Oct-2020 18:30:38.206 INFO [Catalina-utility-2] org.apache.catalina.core.ApplicationContext.log Initializing Spring DispatcherServlet 'dispatcher'
27-Oct-2020 18:30:43.473 INFO [main] org.apache.catalina.core.ApplicationContext.log 2 Spring WebApplicationInitializers detected on classpath
27-Oct-2020 18:30:43.638 INFO [main] org.apache.catalina.core.ApplicationContext.log Initializing Spring root WebApplicationContext
27-Oct-2020 18:30:50.739 INFO [main] org.apache.catalina.core.ApplicationContext.log Initializing Spring DispatcherServlet 'dispatcher'
27-Oct-2020 18:30:55.256 INFO [main] org.apache.catalina.core.ApplicationContext.log 1 Spring WebApplicationInitializers detected on classpath
27-Oct-2020 18:30:55.357 INFO [main] org.apache.catalina.core.ApplicationContext.log Initializing Spring root WebApplicationContext
27-Oct-2020 18:31:03.949 INFO [main] org.apache.catalina.core.ApplicationContext.log Initializing Spring DispatcherServlet 'dispatcher'
27-Oct-2020 18:31:05.648 INFO [main] org.apache.catalina.core.ApplicationContext.log ContextListener: contextInitialized()
27-Oct-2020 18:31:05.648 INFO [main] org.apache.catalina.core.ApplicationContext.log SessionListener: contextInitialized()
27-Oct-2020 18:31:05.651 INFO [main] org.apache.catalina.core.ApplicationContext.log ContextListener: attributeAdded('StockTicker', 'async.Stockticker@765c5226')
27-Oct-2020 18:31:16.314 INFO [Catalina-utility-2] org.apache.catalina.core.ApplicationContext.log Destroying Spring FrameworkServlet 'dispatcher'
27-Oct-2020 18:31:16.325 INFO [Catalina-utility-2] org.apache.catalina.core.ApplicationContext.log Closing Spring root WebApplicationContext
27-Oct-2020 18:31:16.965 SEVERE [http-nio-8080-exec-1] org.apache.catalina.core.StandardWrapperValve.invoke Servlet.service() для сервлета [dispatcher] в контексте с путем [/MoneyWatcher] выбросил исключение [Request processing failed; nested exception is org.thymeleaf.exceptions.TemplateInputException: An error happened during template parsing (template: "/WEB-INF/templates/home.html")] с первопричиной
	java.io.FileNotFoundException: ServletContext resource "/WEB-INF/templates/home.html" does not exist
		at org.thymeleaf.templateresource.ServletContextTemplateResource.reader(ServletContextTemplateResource.java:95)
		at org.thymeleaf.templateparser.markup.AbstractMarkupTemplateParser.parse(AbstractMarkupTemplateParser.java:223)
		at org.thymeleaf.templateparser.markup.AbstractMarkupTemplateParser.parseStandalone(AbstractMarkupTemplateParser.java:100)
		at org.thymeleaf.engine.TemplateManager.parseAndProcess(TemplateManager.java:666)
		at org.thymeleaf.TemplateEngine.process(TemplateEngine.java:1098)
		at org.thymeleaf.TemplateEngine.process(TemplateEngine.java:1072)
		at org.thymeleaf.spring5.view.ThymeleafView.renderFragment(ThymeleafView.java:362)
		at org.thymeleaf.spring5.view.ThymeleafView.render(ThymeleafView.java:189)
		at org.springframework.web.servlet.DispatcherServlet.render(DispatcherServlet.java:1373)
		at org.springframework.web.servlet.DispatcherServlet.processDispatchResult(DispatcherServlet.java:1118)
		at org.springframework.web.servlet.DispatcherServlet.doDispatch(DispatcherServlet.java:1057)
		at org.springframework.web.servlet.DispatcherServlet.doService(DispatcherServlet.java:943)
		at org.springframework.web.servlet.FrameworkServlet.processRequest(FrameworkServlet.java:1006)
		at org.springframework.web.servlet.FrameworkServlet.doGet(FrameworkServlet.java:898)
		at javax.servlet.http.HttpServlet.service(HttpServlet.java:626)
		at org.springframework.web.servlet.FrameworkServlet.service(FrameworkServlet.java:883)
		at javax.servlet.http.HttpServlet.service(HttpServlet.java:733)
		at org.apache.catalina.core.ApplicationFilterChain.internalDoFilter(ApplicationFilterChain.java:231)
		at org.apache.catalina.core.ApplicationFilterChain.doFilter(ApplicationFilterChain.java:166)
		at org.springframework.web.filter.CharacterEncodingFilter.doFilterInternal(CharacterEncodingFilter.java:201)
		at org.springframework.web.filter.OncePerRequestFilter.doFilter(OncePerRequestFilter.java:119)
		at org.apache.catalina.core.ApplicationFilterChain.internalDoFilter(ApplicationFilterChain.java:193)
		at org.apache.catalina.core.ApplicationFilterChain.doFilter(ApplicationFilterChain.java:166)
		at org.springframework.web.filter.HiddenHttpMethodFilter.doFilterInternal(HiddenHttpMethodFilter.java:94)
		at org.springframework.web.filter.OncePerRequestFilter.doFilter(OncePerRequestFilter.java:119)
		at org.apache.catalina.core.ApplicationFilterChain.internalDoFilter(ApplicationFilterChain.java:193)
		at org.apache.catalina.core.ApplicationFilterChain.doFilter(ApplicationFilterChain.java:166)
		at org.apache.tomcat.websocket.server.WsFilter.doFilter(WsFilter.java:53)
		at org.apache.catalina.core.ApplicationFilterChain.internalDoFilter(ApplicationFilterChain.java:193)
		at org.apache.catalina.core.ApplicationFilterChain.doFilter(ApplicationFilterChain.java:166)
		at org.apache.catalina.core.StandardWrapperValve.invoke(StandardWrapperValve.java:202)
		at org.apache.catalina.core.StandardContextValve.invoke(StandardContextValve.java:97)
		at org.apache.catalina.authenticator.AuthenticatorBase.invoke(AuthenticatorBase.java:542)
		at org.apache.catalina.core.StandardHostValve.invoke(StandardHostValve.java:143)
		at org.apache.catalina.valves.ErrorReportValve.invoke(ErrorReportValve.java:92)
		at org.apache.catalina.valves.AbstractAccessLogValve.invoke(AbstractAccessLogValve.java:690)
		at org.apache.catalina.core.StandardEngineValve.invoke(StandardEngineValve.java:78)
		at org.apache.catalina.connector.CoyoteAdapter.service(CoyoteAdapter.java:343)
		at org.apache.coyote.http11.Http11Processor.service(Http11Processor.java:374)
		at org.apache.coyote.AbstractProcessorLight.process(AbstractProcessorLight.java:65)
		at org.apache.coyote.AbstractProtocol$ConnectionHandler.process(AbstractProtocol.java:868)
		at org.apache.tomcat.util.net.NioEndpoint$SocketProcessor.doRun(NioEndpoint.java:1590)
		at org.apache.tomcat.util.net.SocketProcessorBase.run(SocketProcessorBase.java:49)
		at java.base/java.util.concurrent.ThreadPoolExecutor.runWorker(ThreadPoolExecutor.java:1128)
		at java.base/java.util.concurrent.ThreadPoolExecutor$Worker.run(ThreadPoolExecutor.java:628)
		at org.apache.tomcat.util.threads.TaskThread$WrappingRunnable.run(TaskThread.java:61)
		at java.base/java.lang.Thread.run(Thread.java:834)
27-Oct-2020 18:32:05.707 INFO [main] org.apache.catalina.core.ApplicationContext.log Destroying Spring FrameworkServlet 'dispatcher'
27-Oct-2020 18:32:05.711 INFO [main] org.apache.catalina.core.ApplicationContext.log Closing Spring root WebApplicationContext
27-Oct-2020 18:32:05.800 INFO [main] org.apache.catalina.core.ApplicationContext.log SessionListener: contextDestroyed()
27-Oct-2020 18:32:05.800 INFO [main] org.apache.catalina.core.ApplicationContext.log ContextListener: contextDestroyed()
27-Oct-2020 18:32:34.637 INFO [main] org.apache.catalina.core.ApplicationContext.log 2 Spring WebApplicationInitializers detected on classpath
27-Oct-2020 18:32:34.811 INFO [main] org.apache.catalina.core.ApplicationContext.log Initializing Spring root WebApplicationContext
27-Oct-2020 18:32:41.994 INFO [main] org.apache.catalina.core.ApplicationContext.log Initializing Spring DispatcherServlet 'dispatcher'
27-Oct-2020 18:32:43.231 INFO [main] org.apache.catalina.core.ApplicationContext.log ContextListener: contextInitialized()
27-Oct-2020 18:32:43.231 INFO [main] org.apache.catalina.core.ApplicationContext.log SessionListener: contextInitialized()
27-Oct-2020 18:32:43.234 INFO [main] org.apache.catalina.core.ApplicationContext.log ContextListener: attributeAdded('StockTicker', 'async.Stockticker@abd6027')
27-Oct-2020 18:32:49.407 SEVERE [http-nio-8080-exec-1] org.apache.catalina.core.StandardWrapperValve.invoke Servlet.service() для сервлета [dispatcher] в контексте с путем [/MoneyWatcher] выбросил исключение [Request processing failed; nested exception is org.thymeleaf.exceptions.TemplateInputException: An error happened during template parsing (template: "/WEB-INF/home.html")] с первопричиной
	java.io.FileNotFoundException: ServletContext resource "/WEB-INF/home.html" does not exist
		at org.thymeleaf.templateresource.ServletContextTemplateResource.reader(ServletContextTemplateResource.java:95)
		at org.thymeleaf.templateparser.markup.AbstractMarkupTemplateParser.parse(AbstractMarkupTemplateParser.java:223)
		at org.thymeleaf.templateparser.markup.AbstractMarkupTemplateParser.parseStandalone(AbstractMarkupTemplateParser.java:100)
		at org.thymeleaf.engine.TemplateManager.parseAndProcess(TemplateManager.java:666)
		at org.thymeleaf.TemplateEngine.process(TemplateEngine.java:1098)
		at org.thymeleaf.TemplateEngine.process(TemplateEngine.java:1072)
		at org.thymeleaf.spring5.view.ThymeleafView.renderFragment(ThymeleafView.java:362)
		at org.thymeleaf.spring5.view.ThymeleafView.render(ThymeleafView.java:189)
		at org.springframework.web.servlet.DispatcherServlet.render(DispatcherServlet.java:1373)
		at org.springframework.web.servlet.DispatcherServlet.processDispatchResult(DispatcherServlet.java:1118)
		at org.springframework.web.servlet.DispatcherServlet.doDispatch(DispatcherServlet.java:1057)
		at org.springframework.web.servlet.DispatcherServlet.doService(DispatcherServlet.java:943)
		at org.springframework.web.servlet.FrameworkServlet.processRequest(FrameworkServlet.java:1006)
		at org.springframework.web.servlet.FrameworkServlet.doGet(FrameworkServlet.java:898)
		at javax.servlet.http.HttpServlet.service(HttpServlet.java:626)
		at org.springframework.web.servlet.FrameworkServlet.service(FrameworkServlet.java:883)
		at javax.servlet.http.HttpServlet.service(HttpServlet.java:733)
		at org.apache.catalina.core.ApplicationFilterChain.internalDoFilter(ApplicationFilterChain.java:231)
		at org.apache.catalina.core.ApplicationFilterChain.doFilter(ApplicationFilterChain.java:166)
		at org.springframework.web.filter.CharacterEncodingFilter.doFilterInternal(CharacterEncodingFilter.java:201)
		at org.springframework.web.filter.OncePerRequestFilter.doFilter(OncePerRequestFilter.java:119)
		at org.apache.catalina.core.ApplicationFilterChain.internalDoFilter(ApplicationFilterChain.java:193)
		at org.apache.catalina.core.ApplicationFilterChain.doFilter(ApplicationFilterChain.java:166)
		at org.springframework.web.filter.HiddenHttpMethodFilter.doFilterInternal(HiddenHttpMethodFilter.java:94)
		at org.springframework.web.filter.OncePerRequestFilter.doFilter(OncePerRequestFilter.java:119)
		at org.apache.catalina.core.ApplicationFilterChain.internalDoFilter(ApplicationFilterChain.java:193)
		at org.apache.catalina.core.ApplicationFilterChain.doFilter(ApplicationFilterChain.java:166)
		at org.apache.tomcat.websocket.server.WsFilter.doFilter(WsFilter.java:53)
		at org.apache.catalina.core.ApplicationFilterChain.internalDoFilter(ApplicationFilterChain.java:193)
		at org.apache.catalina.core.ApplicationFilterChain.doFilter(ApplicationFilterChain.java:166)
		at org.apache.catalina.core.StandardWrapperValve.invoke(StandardWrapperValve.java:202)
		at org.apache.catalina.core.StandardContextValve.invoke(StandardContextValve.java:97)
		at org.apache.catalina.authenticator.AuthenticatorBase.invoke(AuthenticatorBase.java:542)
		at org.apache.catalina.core.StandardHostValve.invoke(StandardHostValve.java:143)
		at org.apache.catalina.valves.ErrorReportValve.invoke(ErrorReportValve.java:92)
		at org.apache.catalina.valves.AbstractAccessLogValve.invoke(AbstractAccessLogValve.java:690)
		at org.apache.catalina.core.StandardEngineValve.invoke(StandardEngineValve.java:78)
		at org.apache.catalina.connector.CoyoteAdapter.service(CoyoteAdapter.java:343)
		at org.apache.coyote.http11.Http11Processor.service(Http11Processor.java:374)
		at org.apache.coyote.AbstractProcessorLight.process(AbstractProcessorLight.java:65)
		at org.apache.coyote.AbstractProtocol$ConnectionHandler.process(AbstractProtocol.java:868)
		at org.apache.tomcat.util.net.NioEndpoint$SocketProcessor.doRun(NioEndpoint.java:1590)
		at org.apache.tomcat.util.net.SocketProcessorBase.run(SocketProcessorBase.java:49)
		at java.base/java.util.concurrent.ThreadPoolExecutor.runWorker(ThreadPoolExecutor.java:1128)
		at java.base/java.util.concurrent.ThreadPoolExecutor$Worker.run(ThreadPoolExecutor.java:628)
		at org.apache.tomcat.util.threads.TaskThread$WrappingRunnable.run(TaskThread.java:61)
		at java.base/java.lang.Thread.run(Thread.java:834)
27-Oct-2020 18:34:43.580 INFO [Catalina-utility-1] org.apache.catalina.core.ApplicationContext.log Destroying Spring FrameworkServlet 'dispatcher'
27-Oct-2020 18:34:43.592 INFO [Catalina-utility-1] org.apache.catalina.core.ApplicationContext.log Closing Spring root WebApplicationContext
27-Oct-2020 18:34:47.195 INFO [main] org.apache.catalina.core.ApplicationContext.log SessionListener: contextDestroyed()
27-Oct-2020 18:34:47.195 INFO [main] org.apache.catalina.core.ApplicationContext.log ContextListener: contextDestroyed()
27-Oct-2020 18:34:47.728 INFO [Catalina-utility-1] org.apache.catalina.core.ApplicationContext.log 2 Spring WebApplicationInitializers detected on classpath
27-Oct-2020 18:34:47.895 INFO [Catalina-utility-1] org.apache.catalina.core.ApplicationContext.log Initializing Spring root WebApplicationContext
27-Oct-2020 18:34:54.009 INFO [Catalina-utility-1] org.apache.catalina.core.ApplicationContext.log Initializing Spring DispatcherServlet 'dispatcher'
27-Oct-2020 18:35:01.572 INFO [main] org.apache.catalina.core.ApplicationContext.log 2 Spring WebApplicationInitializers detected on classpath
27-Oct-2020 18:35:01.740 INFO [main] org.apache.catalina.core.ApplicationContext.log Initializing Spring root WebApplicationContext
27-Oct-2020 18:35:08.879 INFO [main] org.apache.catalina.core.ApplicationContext.log Initializing Spring DispatcherServlet 'dispatcher'
27-Oct-2020 18:35:10.062 INFO [main] org.apache.catalina.core.ApplicationContext.log ContextListener: contextInitialized()
27-Oct-2020 18:35:10.062 INFO [main] org.apache.catalina.core.ApplicationContext.log SessionListener: contextInitialized()
27-Oct-2020 18:35:10.065 INFO [main] org.apache.catalina.core.ApplicationContext.log ContextListener: attributeAdded('StockTicker', 'async.Stockticker@5fc4773e')
27-Oct-2020 18:35:15.704 SEVERE [http-nio-8080-exec-1] org.apache.catalina.core.StandardWrapperValve.invoke Servlet.service() для сервлета [dispatcher] в контексте с путем [/MoneyWatcher] выбросил исключение [Request processing failed; nested exception is org.thymeleaf.exceptions.TemplateInputException: An error happened during template parsing (template: "/WEB-INF/templates/home.html")] с первопричиной
	java.io.FileNotFoundException: ServletContext resource "/WEB-INF/templates/home.html" does not exist
		at org.thymeleaf.templateresource.ServletContextTemplateResource.reader(ServletContextTemplateResource.java:95)
		at org.thymeleaf.templateparser.markup.AbstractMarkupTemplateParser.parse(AbstractMarkupTemplateParser.java:223)
		at org.thymeleaf.templateparser.markup.AbstractMarkupTemplateParser.parseStandalone(AbstractMarkupTemplateParser.java:100)
		at org.thymeleaf.engine.TemplateManager.parseAndProcess(TemplateManager.java:666)
		at org.thymeleaf.TemplateEngine.process(TemplateEngine.java:1098)
		at org.thymeleaf.TemplateEngine.process(TemplateEngine.java:1072)
		at org.thymeleaf.spring5.view.ThymeleafView.renderFragment(ThymeleafView.java:362)
		at org.thymeleaf.spring5.view.ThymeleafView.render(ThymeleafView.java:189)
		at org.springframework.web.servlet.DispatcherServlet.render(DispatcherServlet.java:1373)
		at org.springframework.web.servlet.DispatcherServlet.processDispatchResult(DispatcherServlet.java:1118)
		at org.springframework.web.servlet.DispatcherServlet.doDispatch(DispatcherServlet.java:1057)
		at org.springframework.web.servlet.DispatcherServlet.doService(DispatcherServlet.java:943)
		at org.springframework.web.servlet.FrameworkServlet.processRequest(FrameworkServlet.java:1006)
		at org.springframework.web.servlet.FrameworkServlet.doGet(FrameworkServlet.java:898)
		at javax.servlet.http.HttpServlet.service(HttpServlet.java:626)
		at org.springframework.web.servlet.FrameworkServlet.service(FrameworkServlet.java:883)
		at javax.servlet.http.HttpServlet.service(HttpServlet.java:733)
		at org.apache.catalina.core.ApplicationFilterChain.internalDoFilter(ApplicationFilterChain.java:231)
		at org.apache.catalina.core.ApplicationFilterChain.doFilter(ApplicationFilterChain.java:166)
		at org.springframework.web.filter.CharacterEncodingFilter.doFilterInternal(CharacterEncodingFilter.java:201)
		at org.springframework.web.filter.OncePerRequestFilter.doFilter(OncePerRequestFilter.java:119)
		at org.apache.catalina.core.ApplicationFilterChain.internalDoFilter(ApplicationFilterChain.java:193)
		at org.apache.catalina.core.ApplicationFilterChain.doFilter(ApplicationFilterChain.java:166)
		at org.springframework.web.filter.HiddenHttpMethodFilter.doFilterInternal(HiddenHttpMethodFilter.java:94)
		at org.springframework.web.filter.OncePerRequestFilter.doFilter(OncePerRequestFilter.java:119)
		at org.apache.catalina.core.ApplicationFilterChain.internalDoFilter(ApplicationFilterChain.java:193)
		at org.apache.catalina.core.ApplicationFilterChain.doFilter(ApplicationFilterChain.java:166)
		at org.apache.tomcat.websocket.server.WsFilter.doFilter(WsFilter.java:53)
		at org.apache.catalina.core.ApplicationFilterChain.internalDoFilter(ApplicationFilterChain.java:193)
		at org.apache.catalina.core.ApplicationFilterChain.doFilter(ApplicationFilterChain.java:166)
		at org.apache.catalina.core.StandardWrapperValve.invoke(StandardWrapperValve.java:202)
		at org.apache.catalina.core.StandardContextValve.invoke(StandardContextValve.java:97)
		at org.apache.catalina.authenticator.AuthenticatorBase.invoke(AuthenticatorBase.java:542)
		at org.apache.catalina.core.StandardHostValve.invoke(StandardHostValve.java:143)
		at org.apache.catalina.valves.ErrorReportValve.invoke(ErrorReportValve.java:92)
		at org.apache.catalina.valves.AbstractAccessLogValve.invoke(AbstractAccessLogValve.java:690)
		at org.apache.catalina.core.StandardEngineValve.invoke(StandardEngineValve.java:78)
		at org.apache.catalina.connector.CoyoteAdapter.service(CoyoteAdapter.java:343)
		at org.apache.coyote.http11.Http11Processor.service(Http11Processor.java:374)
		at org.apache.coyote.AbstractProcessorLight.process(AbstractProcessorLight.java:65)
		at org.apache.coyote.AbstractProtocol$ConnectionHandler.process(AbstractProtocol.java:868)
		at org.apache.tomcat.util.net.NioEndpoint$SocketProcessor.doRun(NioEndpoint.java:1590)
		at org.apache.tomcat.util.net.SocketProcessorBase.run(SocketProcessorBase.java:49)
		at java.base/java.util.concurrent.ThreadPoolExecutor.runWorker(ThreadPoolExecutor.java:1128)
		at java.base/java.util.concurrent.ThreadPoolExecutor$Worker.run(ThreadPoolExecutor.java:628)
		at org.apache.tomcat.util.threads.TaskThread$WrappingRunnable.run(TaskThread.java:61)
		at java.base/java.lang.Thread.run(Thread.java:834)
27-Oct-2020 18:38:03.057 INFO [main] org.apache.catalina.core.ApplicationContext.log Destroying Spring FrameworkServlet 'dispatcher'
27-Oct-2020 18:38:03.061 INFO [main] org.apache.catalina.core.ApplicationContext.log Closing Spring root WebApplicationContext
27-Oct-2020 18:38:03.155 INFO [main] org.apache.catalina.core.ApplicationContext.log SessionListener: contextDestroyed()
27-Oct-2020 18:38:03.155 INFO [main] org.apache.catalina.core.ApplicationContext.log ContextListener: contextDestroyed()
27-Oct-2020 18:38:20.955 INFO [main] org.apache.catalina.core.ApplicationContext.log 2 Spring WebApplicationInitializers detected on classpath
27-Oct-2020 18:38:21.130 INFO [main] org.apache.catalina.core.ApplicationContext.log Initializing Spring root WebApplicationContext
27-Oct-2020 18:38:29.530 INFO [main] org.apache.catalina.core.ApplicationContext.log Initializing Spring DispatcherServlet 'dispatcher'
27-Oct-2020 18:38:30.752 INFO [main] org.apache.catalina.core.ApplicationContext.log ContextListener: contextInitialized()
27-Oct-2020 18:38:30.752 INFO [main] org.apache.catalina.core.ApplicationContext.log SessionListener: contextInitialized()
27-Oct-2020 18:38:30.754 INFO [main] org.apache.catalina.core.ApplicationContext.log ContextListener: attributeAdded('StockTicker', 'async.Stockticker@714245ff')
27-Oct-2020 18:40:17.539 SEVERE [http-nio-8080-exec-1] org.apache.catalina.core.StandardWrapperValve.invoke Servlet.service() для сервлета [dispatcher] в контексте с путем [/MoneyWatcher] выбросил исключение [Request processing failed; nested exception is org.thymeleaf.exceptions.TemplateInputException: An error happened during template parsing (template: "/WEB-INF/home.html")] с первопричиной
	java.io.FileNotFoundException: ServletContext resource "/WEB-INF/home.html" does not exist
		at org.thymeleaf.templateresource.ServletContextTemplateResource.reader(ServletContextTemplateResource.java:95)
		at org.thymeleaf.templateparser.markup.AbstractMarkupTemplateParser.parse(AbstractMarkupTemplateParser.java:223)
		at org.thymeleaf.templateparser.markup.AbstractMarkupTemplateParser.parseStandalone(AbstractMarkupTemplateParser.java:100)
		at org.thymeleaf.engine.TemplateManager.parseAndProcess(TemplateManager.java:666)
		at org.thymeleaf.TemplateEngine.process(TemplateEngine.java:1098)
		at org.thymeleaf.TemplateEngine.process(TemplateEngine.java:1072)
		at org.thymeleaf.spring5.view.ThymeleafView.renderFragment(ThymeleafView.java:362)
		at org.thymeleaf.spring5.view.ThymeleafView.render(ThymeleafView.java:189)
		at org.springframework.web.servlet.DispatcherServlet.render(DispatcherServlet.java:1373)
		at org.springframework.web.servlet.DispatcherServlet.processDispatchResult(DispatcherServlet.java:1118)
		at org.springframework.web.servlet.DispatcherServlet.doDispatch(DispatcherServlet.java:1057)
		at org.springframework.web.servlet.DispatcherServlet.doService(DispatcherServlet.java:943)
		at org.springframework.web.servlet.FrameworkServlet.processRequest(FrameworkServlet.java:1006)
		at org.springframework.web.servlet.FrameworkServlet.doGet(FrameworkServlet.java:898)
		at javax.servlet.http.HttpServlet.service(HttpServlet.java:626)
		at org.springframework.web.servlet.FrameworkServlet.service(FrameworkServlet.java:883)
		at javax.servlet.http.HttpServlet.service(HttpServlet.java:733)
		at org.apache.catalina.core.ApplicationFilterChain.internalDoFilter(ApplicationFilterChain.java:231)
		at org.apache.catalina.core.ApplicationFilterChain.doFilter(ApplicationFilterChain.java:166)
		at org.springframework.web.filter.CharacterEncodingFilter.doFilterInternal(CharacterEncodingFilter.java:201)
		at org.springframework.web.filter.OncePerRequestFilter.doFilter(OncePerRequestFilter.java:119)
		at org.apache.catalina.core.ApplicationFilterChain.internalDoFilter(ApplicationFilterChain.java:193)
		at org.apache.catalina.core.ApplicationFilterChain.doFilter(ApplicationFilterChain.java:166)
		at org.springframework.web.filter.HiddenHttpMethodFilter.doFilterInternal(HiddenHttpMethodFilter.java:94)
		at org.springframework.web.filter.OncePerRequestFilter.doFilter(OncePerRequestFilter.java:119)
		at org.apache.catalina.core.ApplicationFilterChain.internalDoFilter(ApplicationFilterChain.java:193)
		at org.apache.catalina.core.ApplicationFilterChain.doFilter(ApplicationFilterChain.java:166)
		at org.apache.tomcat.websocket.server.WsFilter.doFilter(WsFilter.java:53)
		at org.apache.catalina.core.ApplicationFilterChain.internalDoFilter(ApplicationFilterChain.java:193)
		at org.apache.catalina.core.ApplicationFilterChain.doFilter(ApplicationFilterChain.java:166)
		at org.apache.catalina.core.StandardWrapperValve.invoke(StandardWrapperValve.java:202)
		at org.apache.catalina.core.StandardContextValve.invoke(StandardContextValve.java:97)
		at org.apache.catalina.authenticator.AuthenticatorBase.invoke(AuthenticatorBase.java:542)
		at org.apache.catalina.core.StandardHostValve.invoke(StandardHostValve.java:143)
		at org.apache.catalina.valves.ErrorReportValve.invoke(ErrorReportValve.java:92)
		at org.apache.catalina.valves.AbstractAccessLogValve.invoke(AbstractAccessLogValve.java:690)
		at org.apache.catalina.core.StandardEngineValve.invoke(StandardEngineValve.java:78)
		at org.apache.catalina.connector.CoyoteAdapter.service(CoyoteAdapter.java:343)
		at org.apache.coyote.http11.Http11Processor.service(Http11Processor.java:374)
		at org.apache.coyote.AbstractProcessorLight.process(AbstractProcessorLight.java:65)
		at org.apache.coyote.AbstractProtocol$ConnectionHandler.process(AbstractProtocol.java:868)
		at org.apache.tomcat.util.net.NioEndpoint$SocketProcessor.doRun(NioEndpoint.java:1590)
		at org.apache.tomcat.util.net.SocketProcessorBase.run(SocketProcessorBase.java:49)
		at java.base/java.util.concurrent.ThreadPoolExecutor.runWorker(ThreadPoolExecutor.java:1128)
		at java.base/java.util.concurrent.ThreadPoolExecutor$Worker.run(ThreadPoolExecutor.java:628)
		at org.apache.tomcat.util.threads.TaskThread$WrappingRunnable.run(TaskThread.java:61)
		at java.base/java.lang.Thread.run(Thread.java:834)
27-Oct-2020 18:40:33.400 INFO [main] org.apache.catalina.core.ApplicationContext.log 2 Spring WebApplicationInitializers detected on classpath
27-Oct-2020 18:40:33.664 INFO [main] org.apache.catalina.core.ApplicationContext.log Initializing Spring root WebApplicationContext
27-Oct-2020 18:40:35.566 INFO [main] org.apache.catalina.core.ApplicationContext.log Destroying Spring FrameworkServlet 'dispatcher'
27-Oct-2020 18:40:35.572 INFO [main] org.apache.catalina.core.ApplicationContext.log Closing Spring root WebApplicationContext
27-Oct-2020 18:40:35.674 INFO [main] org.apache.catalina.core.ApplicationContext.log SessionListener: contextDestroyed()
27-Oct-2020 18:40:35.674 INFO [main] org.apache.catalina.core.ApplicationContext.log ContextListener: contextDestroyed()
27-Oct-2020 18:40:38.969 INFO [main] org.apache.catalina.core.ApplicationContext.log 2 Spring WebApplicationInitializers detected on classpath
27-Oct-2020 18:40:39.214 INFO [main] org.apache.catalina.core.ApplicationContext.log Initializing Spring root WebApplicationContext
27-Oct-2020 18:40:43.550 INFO [main] org.apache.catalina.core.ApplicationContext.log Initializing Spring DispatcherServlet 'dispatcher'
27-Oct-2020 18:42:17.361 INFO [main] org.apache.catalina.core.ApplicationContext.log ContextListener: contextInitialized()
27-Oct-2020 18:42:17.362 INFO [main] org.apache.catalina.core.ApplicationContext.log SessionListener: contextInitialized()
27-Oct-2020 18:42:17.365 INFO [main] org.apache.catalina.core.ApplicationContext.log ContextListener: attributeAdded('StockTicker', 'async.Stockticker@50d68830')
27-Oct-2020 18:42:21.355 INFO [main] org.apache.catalina.core.ApplicationContext.log 2 Spring WebApplicationInitializers detected on classpath
27-Oct-2020 18:42:21.523 INFO [main] org.apache.catalina.core.ApplicationContext.log Initializing Spring root WebApplicationContext
27-Oct-2020 18:42:28.168 INFO [main] org.apache.catalina.core.ApplicationContext.log Initializing Spring DispatcherServlet 'dispatcher'
27-Oct-2020 18:42:36.586 SEVERE [http-nio-8080-exec-1] org.apache.catalina.core.StandardWrapperValve.invoke Servlet.service() для сервлета [dispatcher] в контексте с путем [/MoneyWatcher] выбросил исключение [Request processing failed; nested exception is org.thymeleaf.exceptions.TemplateInputException: An error happened during template parsing (template: "/WEB-INF/home.html")] с первопричиной
	java.io.FileNotFoundException: ServletContext resource "/WEB-INF/home.html" does not exist
		at org.thymeleaf.templateresource.ServletContextTemplateResource.reader(ServletContextTemplateResource.java:95)
		at org.thymeleaf.templateparser.markup.AbstractMarkupTemplateParser.parse(AbstractMarkupTemplateParser.java:223)
		at org.thymeleaf.templateparser.markup.AbstractMarkupTemplateParser.parseStandalone(AbstractMarkupTemplateParser.java:100)
		at org.thymeleaf.engine.TemplateManager.parseAndProcess(TemplateManager.java:666)
		at org.thymeleaf.TemplateEngine.process(TemplateEngine.java:1098)
		at org.thymeleaf.TemplateEngine.process(TemplateEngine.java:1072)
		at org.thymeleaf.spring5.view.ThymeleafView.renderFragment(ThymeleafView.java:362)
		at org.thymeleaf.spring5.view.ThymeleafView.render(ThymeleafView.java:189)
		at org.springframework.web.servlet.DispatcherServlet.render(DispatcherServlet.java:1373)
		at org.springframework.web.servlet.DispatcherServlet.processDispatchResult(DispatcherServlet.java:1118)
		at org.springframework.web.servlet.DispatcherServlet.doDispatch(DispatcherServlet.java:1057)
		at org.springframework.web.servlet.DispatcherServlet.doService(DispatcherServlet.java:943)
		at org.springframework.web.servlet.FrameworkServlet.processRequest(FrameworkServlet.java:1006)
		at org.springframework.web.servlet.FrameworkServlet.doGet(FrameworkServlet.java:898)
		at javax.servlet.http.HttpServlet.service(HttpServlet.java:626)
		at org.springframework.web.servlet.FrameworkServlet.service(FrameworkServlet.java:883)
		at javax.servlet.http.HttpServlet.service(HttpServlet.java:733)
		at org.apache.catalina.core.ApplicationFilterChain.internalDoFilter(ApplicationFilterChain.java:231)
		at org.apache.catalina.core.ApplicationFilterChain.doFilter(ApplicationFilterChain.java:166)
		at org.springframework.web.filter.CharacterEncodingFilter.doFilterInternal(CharacterEncodingFilter.java:201)
		at org.springframework.web.filter.OncePerRequestFilter.doFilter(OncePerRequestFilter.java:119)
		at org.apache.catalina.core.ApplicationFilterChain.internalDoFilter(ApplicationFilterChain.java:193)
		at org.apache.catalina.core.ApplicationFilterChain.doFilter(ApplicationFilterChain.java:166)
		at org.springframework.web.filter.HiddenHttpMethodFilter.doFilterInternal(HiddenHttpMethodFilter.java:94)
		at org.springframework.web.filter.OncePerRequestFilter.doFilter(OncePerRequestFilter.java:119)
		at org.apache.catalina.core.ApplicationFilterChain.internalDoFilter(ApplicationFilterChain.java:193)
		at org.apache.catalina.core.ApplicationFilterChain.doFilter(ApplicationFilterChain.java:166)
		at org.apache.tomcat.websocket.server.WsFilter.doFilter(WsFilter.java:53)
		at org.apache.catalina.core.ApplicationFilterChain.internalDoFilter(ApplicationFilterChain.java:193)
		at org.apache.catalina.core.ApplicationFilterChain.doFilter(ApplicationFilterChain.java:166)
		at org.apache.catalina.core.StandardWrapperValve.invoke(StandardWrapperValve.java:202)
		at org.apache.catalina.core.StandardContextValve.invoke(StandardContextValve.java:97)
		at org.apache.catalina.authenticator.AuthenticatorBase.invoke(AuthenticatorBase.java:542)
		at org.apache.catalina.core.StandardHostValve.invoke(StandardHostValve.java:143)
		at org.apache.catalina.valves.ErrorReportValve.invoke(ErrorReportValve.java:92)
		at org.apache.catalina.valves.AbstractAccessLogValve.invoke(AbstractAccessLogValve.java:690)
		at org.apache.catalina.core.StandardEngineValve.invoke(StandardEngineValve.java:78)
		at org.apache.catalina.connector.CoyoteAdapter.service(CoyoteAdapter.java:343)
		at org.apache.coyote.http11.Http11Processor.service(Http11Processor.java:374)
		at org.apache.coyote.AbstractProcessorLight.process(AbstractProcessorLight.java:65)
		at org.apache.coyote.AbstractProtocol$ConnectionHandler.process(AbstractProtocol.java:868)
		at org.apache.tomcat.util.net.NioEndpoint$SocketProcessor.doRun(NioEndpoint.java:1590)
		at org.apache.tomcat.util.net.SocketProcessorBase.run(SocketProcessorBase.java:49)
		at java.base/java.util.concurrent.ThreadPoolExecutor.runWorker(ThreadPoolExecutor.java:1128)
		at java.base/java.util.concurrent.ThreadPoolExecutor$Worker.run(ThreadPoolExecutor.java:628)
		at org.apache.tomcat.util.threads.TaskThread$WrappingRunnable.run(TaskThread.java:61)
		at java.base/java.lang.Thread.run(Thread.java:834)
27-Oct-2020 18:44:19.183 INFO [Catalina-utility-1] org.apache.catalina.core.ApplicationContext.log Destroying Spring FrameworkServlet 'dispatcher'
27-Oct-2020 18:44:19.189 INFO [Catalina-utility-1] org.apache.catalina.core.ApplicationContext.log Closing Spring root WebApplicationContext
27-Oct-2020 18:44:21.915 INFO [main] org.apache.catalina.core.ApplicationContext.log SessionListener: contextDestroyed()
27-Oct-2020 18:44:21.915 INFO [main] org.apache.catalina.core.ApplicationContext.log ContextListener: contextDestroyed()
27-Oct-2020 18:44:23.428 INFO [Catalina-utility-1] org.apache.catalina.core.ApplicationContext.log 2 Spring WebApplicationInitializers detected on classpath
27-Oct-2020 18:44:23.574 INFO [Catalina-utility-1] org.apache.catalina.core.ApplicationContext.log Initializing Spring root WebApplicationContext
27-Oct-2020 18:44:30.927 INFO [main] org.apache.catalina.core.ApplicationContext.log 2 Spring WebApplicationInitializers detected on classpath
27-Oct-2020 18:44:31.210 INFO [main] org.apache.catalina.core.ApplicationContext.log Initializing Spring root WebApplicationContext
27-Oct-2020 18:44:31.444 INFO [Catalina-utility-1] org.apache.catalina.core.ApplicationContext.log Initializing Spring DispatcherServlet 'dispatcher'
27-Oct-2020 18:44:38.691 INFO [main] org.apache.catalina.core.ApplicationContext.log Initializing Spring DispatcherServlet 'dispatcher'
27-Oct-2020 18:44:39.860 INFO [main] org.apache.catalina.core.ApplicationContext.log ContextListener: contextInitialized()
27-Oct-2020 18:44:39.860 INFO [main] org.apache.catalina.core.ApplicationContext.log SessionListener: contextInitialized()
27-Oct-2020 18:44:39.863 INFO [main] org.apache.catalina.core.ApplicationContext.log ContextListener: attributeAdded('StockTicker', 'async.Stockticker@773b459')
27-Oct-2020 18:44:50.467 SEVERE [http-nio-8080-exec-1] org.apache.catalina.core.StandardWrapperValve.invoke Servlet.service() для сервлета [dispatcher] в контексте с путем [/MoneyWatcher] выбросил исключение [Request processing failed; nested exception is org.thymeleaf.exceptions.TemplateInputException: An error happened during template parsing (template: "/WEB-INF/template/home.html")] с первопричиной
	java.io.FileNotFoundException: ServletContext resource "/WEB-INF/template/home.html" does not exist
		at org.thymeleaf.templateresource.ServletContextTemplateResource.reader(ServletContextTemplateResource.java:95)
		at org.thymeleaf.templateparser.markup.AbstractMarkupTemplateParser.parse(AbstractMarkupTemplateParser.java:223)
		at org.thymeleaf.templateparser.markup.AbstractMarkupTemplateParser.parseStandalone(AbstractMarkupTemplateParser.java:100)
		at org.thymeleaf.engine.TemplateManager.parseAndProcess(TemplateManager.java:666)
		at org.thymeleaf.TemplateEngine.process(TemplateEngine.java:1098)
		at org.thymeleaf.TemplateEngine.process(TemplateEngine.java:1072)
		at org.thymeleaf.spring5.view.ThymeleafView.renderFragment(ThymeleafView.java:362)
		at org.thymeleaf.spring5.view.ThymeleafView.render(ThymeleafView.java:189)
		at org.springframework.web.servlet.DispatcherServlet.render(DispatcherServlet.java:1373)
		at org.springframework.web.servlet.DispatcherServlet.processDispatchResult(DispatcherServlet.java:1118)
		at org.springframework.web.servlet.DispatcherServlet.doDispatch(DispatcherServlet.java:1057)
		at org.springframework.web.servlet.DispatcherServlet.doService(DispatcherServlet.java:943)
		at org.springframework.web.servlet.FrameworkServlet.processRequest(FrameworkServlet.java:1006)
		at org.springframework.web.servlet.FrameworkServlet.doGet(FrameworkServlet.java:898)
		at javax.servlet.http.HttpServlet.service(HttpServlet.java:626)
		at org.springframework.web.servlet.FrameworkServlet.service(FrameworkServlet.java:883)
		at javax.servlet.http.HttpServlet.service(HttpServlet.java:733)
		at org.apache.catalina.core.ApplicationFilterChain.internalDoFilter(ApplicationFilterChain.java:231)
		at org.apache.catalina.core.ApplicationFilterChain.doFilter(ApplicationFilterChain.java:166)
		at org.springframework.web.filter.CharacterEncodingFilter.doFilterInternal(CharacterEncodingFilter.java:201)
		at org.springframework.web.filter.OncePerRequestFilter.doFilter(OncePerRequestFilter.java:119)
		at org.apache.catalina.core.ApplicationFilterChain.internalDoFilter(ApplicationFilterChain.java:193)
		at org.apache.catalina.core.ApplicationFilterChain.doFilter(ApplicationFilterChain.java:166)
		at org.springframework.web.filter.HiddenHttpMethodFilter.doFilterInternal(HiddenHttpMethodFilter.java:94)
		at org.springframework.web.filter.OncePerRequestFilter.doFilter(OncePerRequestFilter.java:119)
		at org.apache.catalina.core.ApplicationFilterChain.internalDoFilter(ApplicationFilterChain.java:193)
		at org.apache.catalina.core.ApplicationFilterChain.doFilter(ApplicationFilterChain.java:166)
		at org.apache.tomcat.websocket.server.WsFilter.doFilter(WsFilter.java:53)
		at org.apache.catalina.core.ApplicationFilterChain.internalDoFilter(ApplicationFilterChain.java:193)
		at org.apache.catalina.core.ApplicationFilterChain.doFilter(ApplicationFilterChain.java:166)
		at org.apache.catalina.core.StandardWrapperValve.invoke(StandardWrapperValve.java:202)
		at org.apache.catalina.core.StandardContextValve.invoke(StandardContextValve.java:97)
		at org.apache.catalina.authenticator.AuthenticatorBase.invoke(AuthenticatorBase.java:542)
		at org.apache.catalina.core.StandardHostValve.invoke(StandardHostValve.java:143)
		at org.apache.catalina.valves.ErrorReportValve.invoke(ErrorReportValve.java:92)
		at org.apache.catalina.valves.AbstractAccessLogValve.invoke(AbstractAccessLogValve.java:690)
		at org.apache.catalina.core.StandardEngineValve.invoke(StandardEngineValve.java:78)
		at org.apache.catalina.connector.CoyoteAdapter.service(CoyoteAdapter.java:343)
		at org.apache.coyote.http11.Http11Processor.service(Http11Processor.java:374)
		at org.apache.coyote.AbstractProcessorLight.process(AbstractProcessorLight.java:65)
		at org.apache.coyote.AbstractProtocol$ConnectionHandler.process(AbstractProtocol.java:868)
		at org.apache.tomcat.util.net.NioEndpoint$SocketProcessor.doRun(NioEndpoint.java:1590)
		at org.apache.tomcat.util.net.SocketProcessorBase.run(SocketProcessorBase.java:49)
		at java.base/java.util.concurrent.ThreadPoolExecutor.runWorker(ThreadPoolExecutor.java:1128)
		at java.base/java.util.concurrent.ThreadPoolExecutor$Worker.run(ThreadPoolExecutor.java:628)
		at org.apache.tomcat.util.threads.TaskThread$WrappingRunnable.run(TaskThread.java:61)
		at java.base/java.lang.Thread.run(Thread.java:834)
27-Oct-2020 18:45:50.435 INFO [main] org.apache.catalina.core.ApplicationContext.log 2 Spring WebApplicationInitializers detected on classpath
27-Oct-2020 18:45:50.608 INFO [main] org.apache.catalina.core.ApplicationContext.log Initializing Spring root WebApplicationContext
27-Oct-2020 18:45:57.705 INFO [main] org.apache.catalina.core.ApplicationContext.log Initializing Spring DispatcherServlet 'dispatcher'
27-Oct-2020 18:45:58.885 INFO [main] org.apache.catalina.core.ApplicationContext.log ContextListener: contextInitialized()
27-Oct-2020 18:45:58.885 INFO [main] org.apache.catalina.core.ApplicationContext.log SessionListener: contextInitialized()
27-Oct-2020 18:45:58.888 INFO [main] org.apache.catalina.core.ApplicationContext.log ContextListener: attributeAdded('StockTicker', 'async.Stockticker@1ebec10c')
27-Oct-2020 18:50:02.600 INFO [main] org.apache.catalina.core.ApplicationContext.log Destroying Spring FrameworkServlet 'dispatcher'
27-Oct-2020 18:50:02.603 INFO [main] org.apache.catalina.core.ApplicationContext.log Closing Spring root WebApplicationContext
27-Oct-2020 18:50:02.667 INFO [main] org.apache.catalina.core.ApplicationContext.log SessionListener: contextDestroyed()
27-Oct-2020 18:50:02.668 INFO [main] org.apache.catalina.core.ApplicationContext.log ContextListener: contextDestroyed()
